{"timestamp":"00:00:05.535","source":"Server","level":"LOG","message":""}
{"timestamp":"00:00:12.996","source":"Browser","level":"INFO","message":"%cDownload the React DevTools for a better development experience: https://react.dev/link/react-devtools font-weight:bold"}
{"timestamp":"01:25:56.062","source":"Browser","level":"ERROR","message":"{}"}
{"timestamp":"01:25:56.123","source":"Browser","level":"ERROR","message":"{}"}
{"timestamp":"01:25:56.461","source":"Browser","level":"ERROR","message":"{}"}
{"timestamp":"01:25:56.592","source":"Server","level":"ERROR","message":"[browser] \"\\u001b[31mTypeError: Failed to fetch\\u001b[39m\""}
{"timestamp":"01:25:56.594","source":"Browser","level":"ERROR","message":"\u001b[31mTypeError: Failed to fetch\u001b[39m"}
{"timestamp":"01:25:56.605","source":"Server","level":"ERROR","message":"[browser] \"\\u001b[31mTypeError: Failed to fetch\\u001b[39m\""}
{"timestamp":"01:25:56.605","source":"Browser","level":"ERROR","message":"\u001b[31mTypeError: Failed to fetch\u001b[39m"}
{"timestamp":"01:25:56.626","source":"Server","level":"ERROR","message":"[browser] \"\\u001b[31mTypeError: Failed to fetch\\u001b[39m\\n\\u001b[31m    at new Promise (<anonymous>)\\u001b[39m\""}
{"timestamp":"01:25:56.627","source":"Browser","level":"ERROR","message":"\u001b[31mTypeError: Failed to fetch\u001b[39m\n\u001b[31m    at new Promise (<anonymous>)\u001b[39m"}
{"timestamp":"01:25:57.268","source":"Browser","level":"ERROR","message":"{}"}
{"timestamp":"01:25:57.270","source":"Server","level":"ERROR","message":"[browser] \"\\u001b[31mTypeError: Failed to fetch\\u001b[39m\""}
{"timestamp":"01:25:57.271","source":"Browser","level":"ERROR","message":"\u001b[31mTypeError: Failed to fetch\u001b[39m"}
{"timestamp":"01:25:58.902","source":"Server","level":"ERROR","message":"[browser] \"\\u001b[31mTypeError: Failed to fetch\\u001b[39m\""}
{"timestamp":"01:25:58.902","source":"Browser","level":"ERROR","message":"\u001b[31mTypeError: Failed to fetch\u001b[39m"}
{"timestamp":"01:25:58.902","source":"Browser","level":"ERROR","message":"{}"}
{"timestamp":"01:26:02.118","source":"Server","level":"ERROR","message":"[browser] \"\\u001b[31mTypeError: Failed to fetch\\u001b[39m\""}
{"timestamp":"01:26:02.119","source":"Browser","level":"ERROR","message":"\u001b[31mTypeError: Failed to fetch\u001b[39m"}
{"timestamp":"01:26:02.120","source":"Browser","level":"ERROR","message":"{}"}
{"timestamp":"01:26:08.533","source":"Server","level":"ERROR","message":"[browser] \"\\u001b[31mTypeError: Failed to fetch\\u001b[39m\""}
{"timestamp":"01:26:08.534","source":"Browser","level":"ERROR","message":"\u001b[31mTypeError: Failed to fetch\u001b[39m"}
{"timestamp":"01:26:08.536","source":"Browser","level":"ERROR","message":"{}"}
{"timestamp":"01:26:21.361","source":"Server","level":"ERROR","message":"[browser] \"\\u001b[31mTypeError: Failed to fetch\\u001b[39m\""}
{"timestamp":"01:26:21.363","source":"Browser","level":"ERROR","message":"\u001b[31mTypeError: Failed to fetch\u001b[39m"}
{"timestamp":"01:26:21.369","source":"Browser","level":"ERROR","message":"{}"}
{"timestamp":"01:26:21.369","source":"Browser","level":"ERROR","message":"{\"message\":\"Failed to fetch\",\"name\":\"AuthRetryableFetchError\",\"status\":0}"}
{"timestamp":"01:26:21.447","source":"Server","level":"ERROR","message":"[browser] \"\\u001b[31mAuthRetryableFetchError: Failed to fetch\\u001b[39m\""}
{"timestamp":"01:26:21.448","source":"Browser","level":"ERROR","message":"\u001b[31mAuthRetryableFetchError: Failed to fetch\u001b[39m"}
{"timestamp":"01:26:25.480","source":"Browser","level":"ERROR","message":"{}"}
{"timestamp":"01:26:25.520","source":"Server","level":"ERROR","message":"[browser] \"\\u001b[31mTypeError: Failed to fetch\\u001b[39m\\n\\u001b[31m    at new Promise (<anonymous>)\\u001b[39m\""}
{"timestamp":"01:26:25.521","source":"Browser","level":"ERROR","message":"\u001b[31mTypeError: Failed to fetch\u001b[39m\n\u001b[31m    at new Promise (<anonymous>)\u001b[39m"}
{"timestamp":"01:26:25.667","source":"Server","level":"ERROR","message":"[browser] \"\\u001b[31mTypeError: Failed to fetch\\u001b[39m\""}
{"timestamp":"01:26:25.668","source":"Browser","level":"ERROR","message":"\u001b[31mTypeError: Failed to fetch\u001b[39m"}
{"timestamp":"01:26:25.669","source":"Browser","level":"ERROR","message":"{}"}
{"timestamp":"01:26:26.082","source":"Server","level":"ERROR","message":"[browser] \"\\u001b[31mTypeError: Failed to fetch\\u001b[39m\""}
{"timestamp":"01:26:26.083","source":"Browser","level":"ERROR","message":"\u001b[31mTypeError: Failed to fetch\u001b[39m"}
{"timestamp":"01:26:26.084","source":"Browser","level":"ERROR","message":"{}"}
{"timestamp":"01:26:26.899","source":"Server","level":"ERROR","message":"[browser] \"\\u001b[31mTypeError: Failed to fetch\\u001b[39m\""}
{"timestamp":"01:26:26.900","source":"Browser","level":"ERROR","message":"\u001b[31mTypeError: Failed to fetch\u001b[39m"}
{"timestamp":"01:26:26.901","source":"Browser","level":"ERROR","message":"{}"}
{"timestamp":"01:26:28.514","source":"Server","level":"ERROR","message":"[browser] \"\\u001b[31mTypeError: Failed to fetch\\u001b[39m\""}
{"timestamp":"01:26:28.515","source":"Browser","level":"ERROR","message":"\u001b[31mTypeError: Failed to fetch\u001b[39m"}
{"timestamp":"01:26:28.516","source":"Browser","level":"ERROR","message":"{}"}
{"timestamp":"01:26:31.731","source":"Server","level":"ERROR","message":"[browser] \"\\u001b[31mTypeError: Failed to fetch\\u001b[39m\""}
{"timestamp":"01:26:31.732","source":"Browser","level":"ERROR","message":"\u001b[31mTypeError: Failed to fetch\u001b[39m"}
{"timestamp":"01:26:31.733","source":"Browser","level":"ERROR","message":"{}"}
{"timestamp":"01:26:38.146","source":"Server","level":"ERROR","message":"[browser] \"\\u001b[31mTypeError: Failed to fetch\\u001b[39m\""}
{"timestamp":"01:26:38.147","source":"Browser","level":"ERROR","message":"\u001b[31mTypeError: Failed to fetch\u001b[39m"}
{"timestamp":"01:26:38.148","source":"Browser","level":"ERROR","message":"{}"}
{"timestamp":"01:26:50.961","source":"Server","level":"ERROR","message":"[browser] \"\\u001b[31mTypeError: Failed to fetch\\u001b[39m\""}
{"timestamp":"01:26:50.962","source":"Browser","level":"ERROR","message":"\u001b[31mTypeError: Failed to fetch\u001b[39m"}
{"timestamp":"01:26:50.963","source":"Browser","level":"ERROR","message":"{}"}
{"timestamp":"01:26:55.461","source":"Server","level":"ERROR","message":"[browser] \"\\u001b[31mTypeError: Failed to fetch\\u001b[39m\\n\\u001b[31m    at new Promise (<anonymous>)\\u001b[39m\""}
{"timestamp":"01:26:55.463","source":"Browser","level":"ERROR","message":"\u001b[31mTypeError: Failed to fetch\u001b[39m\n\u001b[31m    at new Promise (<anonymous>)\u001b[39m"}
{"timestamp":"01:26:55.463","source":"Browser","level":"ERROR","message":"{}"}
{"timestamp":"01:26:55.676","source":"Server","level":"ERROR","message":"[browser] \"\\u001b[31mTypeError: Failed to fetch\\u001b[39m\""}
{"timestamp":"01:26:55.678","source":"Browser","level":"ERROR","message":"\u001b[31mTypeError: Failed to fetch\u001b[39m"}
{"timestamp":"01:26:55.679","source":"Browser","level":"ERROR","message":"{}"}
{"timestamp":"01:26:56.093","source":"Server","level":"ERROR","message":"[browser] \"\\u001b[31mTypeError: Failed to fetch\\u001b[39m\""}
{"timestamp":"01:26:56.094","source":"Browser","level":"ERROR","message":"\u001b[31mTypeError: Failed to fetch\u001b[39m"}
{"timestamp":"01:26:56.096","source":"Browser","level":"ERROR","message":"{}"}
{"timestamp":"01:26:56.909","source":"Server","level":"ERROR","message":"[browser] \"\\u001b[31mTypeError: Failed to fetch\\u001b[39m\""}
{"timestamp":"01:26:56.910","source":"Browser","level":"ERROR","message":"\u001b[31mTypeError: Failed to fetch\u001b[39m"}
{"timestamp":"01:26:56.912","source":"Browser","level":"ERROR","message":"{}"}
{"timestamp":"01:26:58.526","source":"Server","level":"ERROR","message":"[browser] \"\\u001b[31mTypeError: Failed to fetch\\u001b[39m\""}
{"timestamp":"01:26:58.527","source":"Browser","level":"ERROR","message":"\u001b[31mTypeError: Failed to fetch\u001b[39m"}
{"timestamp":"01:26:58.528","source":"Browser","level":"ERROR","message":"{}"}
{"timestamp":"01:27:01.758","source":"Server","level":"ERROR","message":"[browser] \"\\u001b[31mTypeError: Failed to fetch\\u001b[39m\""}
{"timestamp":"01:27:01.759","source":"Browser","level":"ERROR","message":"\u001b[31mTypeError: Failed to fetch\u001b[39m"}
{"timestamp":"01:27:01.760","source":"Browser","level":"ERROR","message":"{}"}
{"timestamp":"01:27:08.175","source":"Server","level":"ERROR","message":"[browser] \"\\u001b[31mTypeError: Failed to fetch\\u001b[39m\""}
{"timestamp":"01:27:08.176","source":"Browser","level":"ERROR","message":"\u001b[31mTypeError: Failed to fetch\u001b[39m"}
{"timestamp":"01:27:08.177","source":"Browser","level":"ERROR","message":"{}"}
{"timestamp":"01:27:20.989","source":"Server","level":"ERROR","message":"[browser] \"\\u001b[31mTypeError: Failed to fetch\\u001b[39m\""}
{"timestamp":"01:27:20.989","source":"Browser","level":"ERROR","message":"\u001b[31mTypeError: Failed to fetch\u001b[39m"}
{"timestamp":"01:27:20.990","source":"Browser","level":"ERROR","message":"{}"}
